code/zXingCodeLibs/build/outputs/logs/manifest-merger-debug-report.txt
-- Merging decision tree log ---
manifest
ADDED from src/main/AndroidManifest.xml:2:1-126:12
	package
		ADDED from src/main/AndroidManifest.xml:3:5-29
		INJECTED from src/main/AndroidManifest.xml
		INJECTED from src/main/AndroidManifest.xml
	android:versionName
		ADDED from src/main/AndroidManifest.xml:6:5-30
		INJECTED from src/main/AndroidManifest.xml
		INJECTED from src/main/AndroidManifest.xml
	android:versionCode
		ADDED from src/main/AndroidManifest.xml:5:5-28
		INJECTED from src/main/AndroidManifest.xml
		INJECTED from src/main/AndroidManifest.xml
	xmlns:android
		ADDED from src/main/AndroidManifest.xml:2:11-69
	android:installLocation
		ADDED from src/main/AndroidManifest.xml:4:5-35
uses-permission#android.permission.CAMERA
ADDED from src/main/AndroidManifest.xml:8:5-65
	android:name
		ADDED from src/main/AndroidManifest.xml:8:22-62
uses-permission#android.permission.INTERNET
ADDED from src/main/AndroidManifest.xml:9:5-67
	android:name
		ADDED from src/main/AndroidManifest.xml:9:22-64
uses-permission#android.permission.VIBRATE
ADDED from src/main/AndroidManifest.xml:10:5-66
	android:name
		ADDED from src/main/AndroidManifest.xml:10:22-63
uses-permission#android.permission.FLASHLIGHT
ADDED from src/main/AndroidManifest.xml:11:5-69
	android:name
		ADDED from src/main/AndroidManifest.xml:11:22-66
uses-permission#android.permission.READ_CONTACTS
ADDED from src/main/AndroidManifest.xml:12:5-72
	android:name
		ADDED from src/main/AndroidManifest.xml:12:22-69
uses-permission#com.android.browser.permission.READ_HISTORY_BOOKMARKS
ADDED from src/main/AndroidManifest.xml:13:5-93
	android:name
		ADDED from src/main/AndroidManifest.xml:13:22-90
uses-permission#android.permission.WRITE_EXTERNAL_STORAGE
ADDED from src/main/AndroidManifest.xml:14:5-81
	android:name
		ADDED from src/main/AndroidManifest.xml:14:22-78
uses-permission#android.permission.CHANGE_WIFI_STATE
ADDED from src/main/AndroidManifest.xml:15:5-76
	android:name
		ADDED from src/main/AndroidManifest.xml:15:22-73
uses-permission#android.permission.ACCESS_WIFI_STATE
ADDED from src/main/AndroidManifest.xml:16:5-76
	android:name
		ADDED from src/main/AndroidManifest.xml:16:22-73
uses-feature#android.hardware.camera
ADDED from src/main/AndroidManifest.xml:20:5-22:36
	android:required
		ADDED from src/main/AndroidManifest.xml:22:9-33
	android:name
		ADDED from src/main/AndroidManifest.xml:21:9-47
uses-feature#android.hardware.camera.front
ADDED from src/main/AndroidManifest.xml:23:5-25:36
	android:required
		ADDED from src/main/AndroidManifest.xml:25:9-33
	android:name
		ADDED from src/main/AndroidManifest.xml:24:9-53
uses-feature#android.hardware.camera.autofocus
ADDED from src/main/AndroidManifest.xml:26:5-28:36
	android:required
		ADDED from src/main/AndroidManifest.xml:28:9-33
	android:name
		ADDED from src/main/AndroidManifest.xml:27:9-57
uses-feature#android.hardware.camera.flash
ADDED from src/main/AndroidManifest.xml:29:5-31:36
	android:required
		ADDED from src/main/AndroidManifest.xml:31:9-33
	android:name
		ADDED from src/main/AndroidManifest.xml:30:9-53
uses-feature#android.hardware.screen.landscape
ADDED from src/main/AndroidManifest.xml:32:5-70
	android:name
		ADDED from src/main/AndroidManifest.xml:32:19-67
uses-feature#android.hardware.wifi
ADDED from src/main/AndroidManifest.xml:33:5-35:36
	android:required
		ADDED from src/main/AndroidManifest.xml:35:9-33
	android:name
		ADDED from src/main/AndroidManifest.xml:34:9-45
uses-feature#android.hardware.touchscreen
ADDED from src/main/AndroidManifest.xml:36:5-38:36
	android:required
		ADDED from src/main/AndroidManifest.xml:38:9-33
	android:name
		ADDED from src/main/AndroidManifest.xml:37:9-52
supports-screens
ADDED from src/main/AndroidManifest.xml:41:5-46:40
	android:largeScreens
		ADDED from src/main/AndroidManifest.xml:43:9-36
	android:smallScreens
		ADDED from src/main/AndroidManifest.xml:45:9-36
	android:normalScreens
		ADDED from src/main/AndroidManifest.xml:44:9-37
	android:xlargeScreens
		ADDED from src/main/AndroidManifest.xml:46:9-37
	android:anyDensity
		ADDED from src/main/AndroidManifest.xml:42:9-34
uses-sdk
ADDED from src/main/AndroidManifest.xml:48:5-50:41
	android:targetSdkVersion
		ADDED from src/main/AndroidManifest.xml:50:9-38
		INJECTED from src/main/AndroidManifest.xml
		INJECTED from src/main/AndroidManifest.xml
	android:minSdkVersion
		ADDED from src/main/AndroidManifest.xml:49:9-34
		INJECTED from src/main/AndroidManifest.xml
		INJECTED from src/main/AndroidManifest.xml
application
ADDED from src/main/AndroidManifest.xml:52:5-124:19
	android:label
		ADDED from src/main/AndroidManifest.xml:55:9-41
	android:allowBackup
		ADDED from src/main/AndroidManifest.xml:53:9-35
	android:icon
		ADDED from src/main/AndroidManifest.xml:54:9-45
	android:theme
		ADDED from src/main/AndroidManifest.xml:56:9-40
activity#com.libs.zxing.CaptureActivity
ADDED from src/main/AndroidManifest.xml:57:9-123:20
	android:clearTaskOnLaunch
		ADDED from src/main/AndroidManifest.xml:59:13-45
	android:screenOrientation
		ADDED from src/main/AndroidManifest.xml:61:13-49
	android:stateNotNeeded
		ADDED from src/main/AndroidManifest.xml:62:13-42
	android:windowSoftInputMode
		ADDED from src/main/AndroidManifest.xml:64:13-60
	android:configChanges
		ADDED from src/main/AndroidManifest.xml:60:13-63
	android:theme
		ADDED from src/main/AndroidManifest.xml:63:13-60
	android:name
		ADDED from src/main/AndroidManifest.xml:58:13-44
intent-filter#android.intent.action.MAIN+android.intent.category.LAUNCHER
ADDED from src/main/AndroidManifest.xml:65:13-69:29
action#android.intent.action.MAIN
ADDED from src/main/AndroidManifest.xml:66:17-69
	android:name
		ADDED from src/main/AndroidManifest.xml:66:25-66
category#android.intent.category.LAUNCHER
ADDED from src/main/AndroidManifest.xml:68:17-77
	android:name
		ADDED from src/main/AndroidManifest.xml:68:27-74
intent-filter#android.intent.category.DEFAULT+com.google.zxing.client.android.SCAN
ADDED from src/main/AndroidManifest.xml:70:13-74:29
action#com.google.zxing.client.android.SCAN
ADDED from src/main/AndroidManifest.xml:71:17-79
	android:name
		ADDED from src/main/AndroidManifest.xml:71:25-76
category#android.intent.category.DEFAULT
ADDED from src/main/AndroidManifest.xml:73:17-76
	android:name
		ADDED from src/main/AndroidManifest.xml:73:27-73
intent-filter#android.intent.action.VIEW+android.intent.category.BROWSABLE+android.intent.category.DEFAULT
ADDED from src/main/AndroidManifest.xml:76:13-86:29
action#android.intent.action.VIEW
ADDED from src/main/AndroidManifest.xml:77:17-69
	android:name
		ADDED from src/main/AndroidManifest.xml:77:25-66
category#android.intent.category.BROWSABLE
ADDED from src/main/AndroidManifest.xml:80:17-78
	android:name
		ADDED from src/main/AndroidManifest.xml:80:27-75
data
ADDED from src/main/AndroidManifest.xml:82:17-85:45
	android:path
		ADDED from src/main/AndroidManifest.xml:84:21-41
	android:host
		ADDED from src/main/AndroidManifest.xml:83:21-53
	android:scheme
		ADDED from src/main/AndroidManifest.xml:85:21-42